0 info it worked if it ends with ok
1 verbose cli [ '/home/jamesn/.nvm/versions/node/v4.3.1/bin/node',
1 verbose cli   '/home/jamesn/.nvm/versions/node/v4.3.1/bin/npm',
1 verbose cli   'run',
1 verbose cli   'dev' ]
2 info using npm@2.14.12
3 info using node@v4.3.1
4 verbose run-script [ 'predev', 'dev', 'postdev' ]
5 info predev lnconsulting.com@0.0.1
6 info dev lnconsulting.com@0.0.1
7 verbose unsafe-perm in lifecycle true
8 info lnconsulting.com@0.0.1 Failed to exec dev script
9 verbose stack Error: lnconsulting.com@0.0.1 dev: `webpack-dev-server --inline --progress --colors -d --host 0.0.0.0`
9 verbose stack Exit status 1
9 verbose stack     at EventEmitter.<anonymous> (/home/jamesn/.nvm/versions/node/v4.3.1/lib/node_modules/npm/lib/utils/lifecycle.js:214:16)
9 verbose stack     at emitTwo (events.js:87:13)
9 verbose stack     at EventEmitter.emit (events.js:172:7)
9 verbose stack     at ChildProcess.<anonymous> (/home/jamesn/.nvm/versions/node/v4.3.1/lib/node_modules/npm/lib/utils/spawn.js:24:14)
9 verbose stack     at emitTwo (events.js:87:13)
9 verbose stack     at ChildProcess.emit (events.js:172:7)
9 verbose stack     at maybeClose (internal/child_process.js:821:16)
9 verbose stack     at Process.ChildProcess._handle.onexit (internal/child_process.js:211:5)
10 verbose pkgid lnconsulting.com@0.0.1
11 verbose cwd /home/jamesn/Code/lnconsulting.com
12 error Linux 3.19.0-51-generic
13 error argv "/home/jamesn/.nvm/versions/node/v4.3.1/bin/node" "/home/jamesn/.nvm/versions/node/v4.3.1/bin/npm" "run" "dev"
14 error node v4.3.1
15 error npm  v2.14.12
16 error code ELIFECYCLE
17 error lnconsulting.com@0.0.1 dev: `webpack-dev-server --inline --progress --colors -d --host 0.0.0.0`
17 error Exit status 1
18 error Failed at the lnconsulting.com@0.0.1 dev script 'webpack-dev-server --inline --progress --colors -d --host 0.0.0.0'.
18 error This is most likely a problem with the lnconsulting.com package,
18 error not with npm itself.
18 error Tell the author that this fails on your system:
18 error     webpack-dev-server --inline --progress --colors -d --host 0.0.0.0
18 error You can get their info via:
18 error     npm owner ls lnconsulting.com
18 error There is likely additional logging output above.
19 verbose exit [ 1, true ]
